*******************************************
Sep 18
*******************************************
Primary version of 2D-SOR is completed.
padding size of 1 is added to the four edges of the SOR table.

To get more acurate execution run time, repeat the same calculation 100 times



********************************************
Sep 21
**********************************************
Smith Waterman code is completed.

GPU_Hyperlane_Cache code does not work when string size is smaller than 2^10.

For performance comparison:
1. Exclude memory copy when comparing Hyperlane_Share to Hyperlane_Cache.
2. Include memory copy when comparing GPU code to CPU code.



***********************************************
Sep 22
**********************************************
edit distance code is completed. Wagner-Fischer Algorithm



**********************************************
Mar 05 2019
**********************************************
Working on 2D-SOR GPU version.

to do:
1. complete the calculation for the last tile of each batch.
2. complete the calculation for the last batch.
3. complete the calculation for the regular batches.
4. complete the lock functions.
