==5374== NVPROF is profiling process 5374, command: ./GPU_Hyperlane_Share 15 15
==5374== Some kernel(s) will be replayed on device 0 in order to collect all events/metrics.
==5374== Profiling application: ./GPU_Hyperlane_Share 15 15
==5374== Profiling result:
==5374== Metric result:
Invocations                               Metric Name                        Metric Description         Min         Max         Avg
Device "GeForce GTX 1080 Ti (0)"
    Kernel: GPU(int volatile *, int*, int*, int volatile *, int, int, int, int, int, int, int, int, int, int, int, int, int, int, int, int, int)
        256                    dram_read_transactions           Device Memory Read Transactions      304623      775509      570701
        256                   dram_write_transactions          Device Memory Write Transactions      484649      562688      489107
        256                              inst_integer                      Integer Instructions   178878110   178878110   178878110
        256                            gld_efficiency             Global Memory Load Efficiency      87.77%      87.77%      87.77%
        256                            gst_efficiency            Global Memory Store Efficiency      82.85%      84.13%      84.13%
        256                         shared_efficiency                  Shared Memory Efficiency      79.67%      79.70%      79.68%
        256                        tex_cache_hit_rate                    Unified Cache Hit Rate      48.43%      48.78%      48.78%
        256                      l2_tex_read_hit_rate               L2 Hit Rate (Texture Reads)      79.72%      81.50%      79.73%
    Kernel: GPU_setInit(int volatile *, int, int, int, int, int, int)
          1                    dram_read_transactions           Device Memory Read Transactions        1263        1263        1263
          1                   dram_write_transactions          Device Memory Write Transactions       48011       48011       48011
          1                              inst_integer                      Integer Instructions      786463      786463      786463
          1                            gld_efficiency             Global Memory Load Efficiency       0.00%       0.00%       0.00%
          1                            gst_efficiency            Global Memory Store Efficiency      22.22%      22.22%      22.22%
          1                         shared_efficiency                  Shared Memory Efficiency       0.00%       0.00%       0.00%
          1                        tex_cache_hit_rate                    Unified Cache Hit Rate      10.00%      10.00%      10.00%
          1                      l2_tex_read_hit_rate               L2 Hit Rate (Texture Reads)       0.00%       0.00%       0.00%
